c:\userfiles\github\tangeriacoop\src\_sdl2vc\objectfiles\sdl2_image\release_win32\vc142.pdb
c:\userfiles\github\tangeriacoop\src\_sdl2vc\objectfiles\sdl2_image\release_win32\img_xxx.obj
c:\userfiles\github\tangeriacoop\src\_sdl2vc\objectfiles\sdl2_image\release_win32\img_xv.obj
c:\userfiles\github\tangeriacoop\src\_sdl2vc\objectfiles\sdl2_image\release_win32\img_xpm.obj
c:\userfiles\github\tangeriacoop\src\_sdl2vc\objectfiles\sdl2_image\release_win32\img_xcf.obj
c:\userfiles\github\tangeriacoop\src\_sdl2vc\objectfiles\sdl2_image\release_win32\img_wic.obj
c:\userfiles\github\tangeriacoop\src\_sdl2vc\objectfiles\sdl2_image\release_win32\img_webp.obj
c:\userfiles\github\tangeriacoop\src\_sdl2vc\objectfiles\sdl2_image\release_win32\img_tif.obj
c:\userfiles\github\tangeriacoop\src\_sdl2vc\objectfiles\sdl2_image\release_win32\img_tga.obj
c:\userfiles\github\tangeriacoop\src\_sdl2vc\objectfiles\sdl2_image\release_win32\img_svg.obj
c:\userfiles\github\tangeriacoop\src\_sdl2vc\objectfiles\sdl2_image\release_win32\img_qoi.obj
c:\userfiles\github\tangeriacoop\src\_sdl2vc\objectfiles\sdl2_image\release_win32\img_pnm.obj
c:\userfiles\github\tangeriacoop\src\_sdl2vc\objectfiles\sdl2_image\release_win32\img_png.obj
c:\userfiles\github\tangeriacoop\src\_sdl2vc\objectfiles\sdl2_image\release_win32\img_pcx.obj
c:\userfiles\github\tangeriacoop\src\_sdl2vc\objectfiles\sdl2_image\release_win32\img_lbm.obj
c:\userfiles\github\tangeriacoop\src\_sdl2vc\objectfiles\sdl2_image\release_win32\img_jpg.obj
c:\userfiles\github\tangeriacoop\src\_sdl2vc\objectfiles\sdl2_image\release_win32\img_gif.obj
c:\userfiles\github\tangeriacoop\src\_sdl2vc\objectfiles\sdl2_image\release_win32\img_bmp.obj
c:\userfiles\github\tangeriacoop\src\_sdl2vc\objectfiles\sdl2_image\release_win32\img.obj
c:\userfiles\github\tangeriatools\tangeria_coop\win32\release\libjpeg-9.dll
c:\userfiles\github\tangeriatools\tangeria_coop\win32\release\libpng16-16.dll
c:\userfiles\github\tangeriatools\tangeria_coop\win32\release\libtiff-5.dll
c:\userfiles\github\tangeriatools\tangeria_coop\win32\release\libwebp-7.dll
c:\userfiles\github\tangeriatools\tangeria_coop\win32\release\license.jpeg.txt
c:\userfiles\github\tangeriatools\tangeria_coop\win32\release\license.png.txt
c:\userfiles\github\tangeriatools\tangeria_coop\win32\release\license.tiff.txt
c:\userfiles\github\tangeriatools\tangeria_coop\win32\release\license.webp.txt
c:\userfiles\github\tangeriatools\tangeria_coop\win32\release\license.zlib.txt
c:\userfiles\github\tangeriatools\tangeria_coop\win32\release\zlib1.dll
c:\userfiles\github\tangeriacoop\src\_sdl2vc\objectfiles\sdl2_image\release_win32\version.res
c:\userfiles\github\tangeriacoop\src\_sdl2vc\win32\sdl2_image.pdb
c:\userfiles\github\tangeriacoop\src\_sdl2vc\objectfiles\sdl2_image\release_win32\sdl2_image.tlog\cl.command.1.tlog
c:\userfiles\github\tangeriacoop\src\_sdl2vc\objectfiles\sdl2_image\release_win32\sdl2_image.tlog\cl.read.1.tlog
c:\userfiles\github\tangeriacoop\src\_sdl2vc\objectfiles\sdl2_image\release_win32\sdl2_image.tlog\cl.write.1.tlog
c:\userfiles\github\tangeriacoop\src\_sdl2vc\objectfiles\sdl2_image\release_win32\sdl2_image.tlog\custombuild.command.1.tlog
c:\userfiles\github\tangeriacoop\src\_sdl2vc\objectfiles\sdl2_image\release_win32\sdl2_image.tlog\custombuild.read.1.tlog
c:\userfiles\github\tangeriacoop\src\_sdl2vc\objectfiles\sdl2_image\release_win32\sdl2_image.tlog\custombuild.write.1.tlog
c:\userfiles\github\tangeriacoop\src\_sdl2vc\objectfiles\sdl2_image\release_win32\sdl2_image.tlog\link.command.1.tlog
c:\userfiles\github\tangeriacoop\src\_sdl2vc\objectfiles\sdl2_image\release_win32\sdl2_image.tlog\link.read.1.tlog
c:\userfiles\github\tangeriacoop\src\_sdl2vc\objectfiles\sdl2_image\release_win32\sdl2_image.tlog\link.write.1.tlog
c:\userfiles\github\tangeriacoop\src\_sdl2vc\objectfiles\sdl2_image\release_win32\sdl2_image.tlog\rc.command.1.tlog
c:\userfiles\github\tangeriacoop\src\_sdl2vc\objectfiles\sdl2_image\release_win32\sdl2_image.tlog\rc.read.1.tlog
c:\userfiles\github\tangeriacoop\src\_sdl2vc\objectfiles\sdl2_image\release_win32\sdl2_image.tlog\rc.write.1.tlog
