c:\userfiles\github\tangariacoop\src\_sdl2vc\objectfiles\freetype\release_x64\ftgxval.obj
c:\userfiles\github\tangariacoop\src\_sdl2vc\objectfiles\freetype\release_x64\dlgwrap.obj
c:\userfiles\github\tangariacoop\src\_sdl2vc\objectfiles\freetype\release_x64\pcf.obj
c:\userfiles\github\tangariacoop\src\_sdl2vc\objectfiles\freetype\release_x64\ftbitmap.obj
c:\userfiles\github\tangariacoop\src\_sdl2vc\objectfiles\freetype\release_x64\ftwinfnt.obj
c:\userfiles\github\tangariacoop\src\_sdl2vc\objectfiles\freetype\release_x64\truetype.obj
c:\userfiles\github\tangariacoop\src\_sdl2vc\objectfiles\freetype\release_x64\ftbbox.obj
c:\userfiles\github\tangariacoop\src\_sdl2vc\objectfiles\freetype\release_x64\psmodule.obj
c:\userfiles\github\tangariacoop\src\_sdl2vc\objectfiles\freetype\release_x64\ftmm.obj
c:\userfiles\github\tangariacoop\src\_sdl2vc\objectfiles\freetype\release_x64\cff.obj
c:\userfiles\github\tangariacoop\src\_sdl2vc\objectfiles\freetype\release_x64\winfnt.obj
c:\userfiles\github\tangariacoop\src\_sdl2vc\objectfiles\freetype\release_x64\ftbase.obj
c:\userfiles\github\tangariacoop\src\_sdl2vc\objectfiles\freetype\release_x64\sfnt.obj
c:\userfiles\github\tangariacoop\src\_sdl2vc\objectfiles\freetype\release_x64\ftsynth.obj
c:\userfiles\github\tangariacoop\src\_sdl2vc\objectfiles\freetype\release_x64\sdf.obj
c:\userfiles\github\tangariacoop\src\_sdl2vc\objectfiles\freetype\release_x64\ftotval.obj
c:\userfiles\github\tangariacoop\src\_sdl2vc\objectfiles\freetype\release_x64\pfr.obj
c:\userfiles\github\tangariacoop\src\_sdl2vc\objectfiles\freetype\release_x64\ftbdf.obj
c:\userfiles\github\tangariacoop\src\_sdl2vc\objectfiles\freetype\release_x64\type1cid.obj
c:\userfiles\github\tangariacoop\src\_sdl2vc\objectfiles\freetype\release_x64\type1.obj
c:\userfiles\github\tangariacoop\src\_sdl2vc\objectfiles\freetype\release_x64\ftpfr.obj
c:\userfiles\github\tangariacoop\src\_sdl2vc\objectfiles\freetype\release_x64\smooth.obj
c:\userfiles\github\tangariacoop\src\_sdl2vc\objectfiles\freetype\release_x64\ftgasp.obj
c:\userfiles\github\tangariacoop\src\_sdl2vc\objectfiles\freetype\release_x64\ftcache.obj
c:\userfiles\github\tangariacoop\src\_sdl2vc\objectfiles\freetype\release_x64\type42.obj
c:\userfiles\github\tangariacoop\src\_sdl2vc\objectfiles\freetype\release_x64\ftstroke.obj
c:\userfiles\github\tangariacoop\src\_sdl2vc\objectfiles\freetype\release_x64\raster.obj
c:\userfiles\github\tangariacoop\src\_sdl2vc\objectfiles\freetype\release_x64\ftinit.obj
c:\userfiles\github\tangariacoop\src\_sdl2vc\objectfiles\freetype\release_x64\fttype1.obj
c:\userfiles\github\tangariacoop\src\_sdl2vc\objectfiles\freetype\release_x64\svg.obj
c:\userfiles\github\tangariacoop\src\_sdl2vc\objectfiles\freetype\release_x64\ftfstype.obj
c:\userfiles\github\tangariacoop\src\_sdl2vc\objectfiles\freetype\release_x64\ftlzw.obj
c:\userfiles\github\tangariacoop\src\_sdl2vc\objectfiles\freetype\release_x64\ftsystem.obj
c:\userfiles\github\tangariacoop\src\_sdl2vc\objectfiles\freetype\release_x64\ftpatent.obj
c:\userfiles\github\tangariacoop\src\_sdl2vc\objectfiles\freetype\release_x64\psaux.obj
c:\userfiles\github\tangariacoop\src\_sdl2vc\objectfiles\freetype\release_x64\ftcid.obj
c:\userfiles\github\tangariacoop\src\_sdl2vc\objectfiles\freetype\release_x64\bdf.obj
c:\userfiles\github\tangariacoop\src\_sdl2vc\objectfiles\freetype\release_x64\ftglyph.obj
c:\userfiles\github\tangariacoop\src\_sdl2vc\objectfiles\freetype\release_x64\pshinter.obj
c:\userfiles\github\tangariacoop\src\_sdl2vc\objectfiles\freetype\release_x64\vc142.pdb
c:\userfiles\github\tangariacoop\src\_sdl2vc\objectfiles\freetype\release_x64\freetype.tlog\cl.12592.write.1.tlog
c:\userfiles\github\tangariacoop\src\_sdl2vc\objectfiles\freetype\release_x64\freetype.tlog\cl.command.1.tlog
c:\userfiles\github\tangariacoop\src\_sdl2vc\objectfiles\freetype\release_x64\freetype.tlog\cl.read.1.tlog
